<?xml version="1.0" encoding="UTF-8"?>
<testsuite name="co.com.p.slider.runners.PSliderRunner" tests="0" skipped="0" failures="0" errors="0" timestamp="1970-01-01T00:00:00" hostname="DESKTOP-7PSJJ0Q" time="0.0">
  <properties/>
  <system-out><![CDATA[
1 Scenarios (?[32m1 passed?[0m)
3 Steps (?[32m3 passed?[0m)
0m49,280s


]]></system-out>
  <system-err><![CDATA[[Test worker] INFO io.cucumber.core.plugin.SerenityReporter - Running feature from file:///C:/Users/SENA/IdeaProjects/pSlider/src/test/resources/features/pslider.feature
[Test worker] WARN io.cucumber.core.plugin.SerenityReporter - Feature from file:///C:/Users/SENA/IdeaProjects/pSlider/src/test/resources/features/pslider.feature is not under the 'features' directory. Requirements report will not be correctly generated!
[Test worker] INFO  - ?[96m

-------------------------------------------------------------------------------------
     _______. _______ .______       _______ .__   __.  __  .___________.____    ____ 
    /       ||   ____||   _  \     |   ____||  \ |  | |  | |           |\   \  /   / 
   |   (----`|  |__   |  |_)  |    |  |__   |   \|  | |  | `---|  |----` \   \/   /  
    \   \    |   __|  |      /     |   __|  |  . `  | |  |     |  |       \_    _/   
.----)   |   |  |____ |  |\  \----.|  |____ |  |\   | |  |     |  |         |  |     
|_______/    |_______|| _| `._____||_______||__| \__| |__|     |__|         |__|    
                                                                                     
 News and tutorials at http://www.serenity-bdd.info                                  
 Documentation at https://wakaleo.gitbooks.io/the-serenity-book/content/             
 Join the Serenity Community on Gitter: https://gitter.im/serenity-bdd/serenity-core 
 Serenity BDD Support and Training at http://serenity-bdd.info/#/trainingandsupport  
-------------------------------------------------------------------------------------
?[0m
[Test worker] INFO  - Test Suite Started: Demo QA
[pool-1-thread-1] INFO net.thucydides.core.reports.ReportService - net.thucydides.core.reports.json.JSONTestOutcomeReporter@7827d7b: Generating report for test outcome: DemoQA:Scenario: Interact with the website
[pool-2-thread-1] INFO net.thucydides.core.reports.ReportService - net.thucydides.core.reports.html.HtmlAcceptanceTestReporter@5256fbc: Generating report for test outcome: DemoQA:Scenario: Interact with the website
[pool-2-thread-1] INFO serenity.reporting - 
--------------------------------------------------
| TEST NAME:   ?[1mScenario: Interact with the website?[0m
| RESULT:      ?[92mPassing?[0m
| REQUIREMENT: DemoQA
| REPORT:      ?[96mfile:///C:/Users/SENA/IdeaProjects/pSlider/target/site/serenity/d200d74b4f2dd3429e38bcc499d72446774390f3f5f2cafcfbb131f04d2cd729.html?[0m
--------------------------------------------------
]]></system-err>
</testsuite>
